Arguments: 
  /Users/oliver/.nodenv/versions/12.16.1/bin/node /Users/oliver/.yarn/bin/yarn.js

PATH: 
  /Users/oliver/.nodenv/versions/12.16.1/bin:/Users/oliver/.nodenv/libexec:/Users/oliver/.nodenv/plugins/nodenv-update/bin:/Users/oliver/.nodenv/plugins/nodenv-package-rehash/bin:/Users/oliver/.nodenv/plugins/nodenv-npm-migrate/bin:/Users/oliver/.nodenv/plugins/node-build/bin:/Users/oliver/.yarn/bin:/Users/oliver/.config/yarn/global/node_modules/.bin:/Users/oliver/.nodenv/shims:/Users/oliver/.nodenv/bin:/usr/local/Cellar/maven/3.5.0/bin:/usr/local/sbin:/usr/local/bin:/usr/bin:/bin:/usr/sbin:/sbin:/Library/Apple/usr/bin:/Users/oliver/Library/Android/sdk/tools:/Users/oliver/Library/Android/sdk/platform-tools

Yarn version: 
  1.22.5

Node version: 
  12.16.1

Platform: 
  darwin x64

Trace: 
  Error: ENOTEMPTY: directory not empty, rmdir '/Users/oliver/Library/Caches/Yarn/v6/npm-@material-ui-icons-4.11.2-b3a7353266519cd743b6461ae9fdfcb1b25eb4c5-integrity/node_modules/@material-ui/icons'

npm manifest: 
  {
    "name": "container",
    "version": "1.0.0",
    "scripts": {
      "test": "echo \"Error: no test specified\" && exit 1"
    },
    "dependencies": {
      "@material-ui/core": "^4.11.0",
      "@material-ui/icons": "^4.9.1",
      "react": "^17.0.1",
      "react-dom": "^17.0.1",
      "react-router-dom": "^5.2.0"
    },
    "devDependencies": {
      "@babel/core": "^7.12.3",
      "@babel/plugin-transform-runtime": "^7.12.1",
      "@babel/preset-env": "^7.12.1",
      "@babel/preset-react": "^7.12.1",
      "babel-loader": "^8.1.0",
      "clean-webpack-plugin": "^3.0.0",
      "css-loader": "^5.0.0",
      "html-webpack-plugin": "^4.5.0",
      "style-loader": "^2.0.0",
      "webpack": "^5.4.0",
      "webpack-cli": "^4.1.0",
      "webpack-dev-server": "^3.11.0",
      "webpack-merge": "^5.2.0"
    }
  }

yarn manifest: 
  No manifest

Lockfile: 
  No lockfile
